TN:
SF:/Users/ariankhosravi/Projects/aofl-os/aofl/aofl-js-packages/api-request/index.js
FNF:0
FNH:0
LF:0
LH:0
BRF:0
BRH:0
end_of_record
TN:
SF:/Users/ariankhosravi/Projects/aofl-os/aofl/aofl-js-packages/api-request/src/api-request/index.js
FN:19,(anonymous_0)
FN:26,(anonymous_1)
FN:38,(anonymous_2)
FN:49,(anonymous_3)
FN:66,(anonymous_4)
FN:87,(anonymous_5)
FNF:6
FNH:6
FNDA:20,(anonymous_0)
FNDA:20,(anonymous_1)
FNDA:20,(anonymous_2)
FNDA:60,(anonymous_3)
FNDA:36,(anonymous_4)
FNDA:24,(anonymous_5)
DA:20,20
DA:27,20
DA:28,20
DA:39,20
DA:50,60
DA:51,4
DA:53,60
DA:67,36
DA:68,36
DA:69,36
DA:70,36
DA:71,36
DA:72,4
DA:75,32
DA:78,32
DA:79,32
DA:88,24
DA:89,24
LF:18
LH:18
BRDA:50,0,0,4
BRDA:50,0,1,56
BRDA:66,1,0,24
BRDA:66,2,0,32
BRDA:71,3,0,4
BRDA:71,3,1,32
BRDA:71,4,0,36
BRDA:71,4,1,32
BRF:8
BRH:8
end_of_record
TN:
SF:/Users/ariankhosravi/Projects/aofl-os/aofl/aofl-js-packages/api-request/src/formatter-manager/index.js
FN:13,(anonymous_0)
FN:23,(anonymous_1)
FN:37,(anonymous_2)
FNF:3
FNH:3
FNDA:40,(anonymous_0)
FNDA:44,(anonymous_1)
FNDA:40,(anonymous_2)
DA:14,40
DA:24,44
DA:25,40
DA:38,40
DA:39,4
DA:42,36
DA:43,4
DA:46,32
LF:8
LH:8
BRDA:24,0,0,40
BRDA:24,0,1,4
BRDA:38,1,0,4
BRDA:38,1,1,36
BRDA:38,2,0,40
BRDA:38,2,1,36
BRDA:42,3,0,4
BRDA:42,3,1,32
BRF:8
BRH:8
end_of_record
TN:
SF:/Users/ariankhosravi/Projects/aofl-os/aofl/aofl-js-packages/cache-manager/index.js
FNF:0
FNH:0
LF:0
LH:0
BRF:0
BRH:0
end_of_record
TN:
SF:/Users/ariankhosravi/Projects/aofl-os/aofl/aofl-js-packages/cache-manager/src/cache-manager/index.js
FN:31,(anonymous_0)
FN:38,(anonymous_1)
FN:49,(anonymous_2)
FN:59,(anonymous_3)
FN:76,(anonymous_4)
FN:91,(anonymous_5)
FN:114,(anonymous_6)
FN:137,(anonymous_7)
FN:153,(anonymous_8)
FN:166,(anonymous_9)
FN:180,(anonymous_10)
FN:201,(anonymous_11)
FN:213,(anonymous_12)
FNF:13
FNH:13
FNDA:436,(anonymous_0)
FNDA:72,(anonymous_1)
FNDA:60,(anonymous_2)
FNDA:448,(anonymous_3)
FNDA:836,(anonymous_4)
FNDA:280,(anonymous_5)
FNDA:156,(anonymous_6)
FNDA:84,(anonymous_7)
FNDA:52,(anonymous_8)
FNDA:216,(anonymous_9)
FNDA:384,(anonymous_10)
FNDA:72,(anonymous_11)
FNDA:4,(anonymous_12)
DA:5,4
DA:32,436
DA:33,436
DA:34,436
DA:35,436
DA:36,436
DA:37,436
DA:38,412
DA:50,60
DA:51,60
DA:60,448
DA:61,448
DA:62,2020
DA:63,244
DA:64,220
DA:67,448
DA:77,836
DA:78,396
DA:81,440
DA:92,280
DA:97,280
DA:99,184
DA:102,280
DA:103,280
DA:104,280
DA:115,156
DA:116,156
DA:118,104
DA:120,156
DA:121,132
DA:122,12
DA:123,12
DA:125,120
DA:128,24
DA:138,84
DA:139,84
DA:140,108
DA:141,96
DA:143,84
DA:154,52
DA:155,52
DA:157,52
DA:158,36
DA:159,36
DA:167,216
DA:168,208
DA:170,216
DA:181,384
DA:182,36
DA:185,348
DA:186,348
DA:187,348
DA:189,232
DA:191,348
DA:192,48
DA:194,300
DA:202,72
DA:203,108
DA:204,12
DA:214,4
DA:215,4
DA:216,4
DA:217,4
DA:218,4
DA:219,4
DA:220,4
LF:66
LH:66
BRDA:31,0,0,76
BRDA:31,1,0,352
BRDA:37,2,0,412
BRDA:37,2,1,24
BRDA:62,3,0,1776
BRDA:62,3,1,244
BRDA:63,4,0,220
BRDA:63,4,1,24
BRDA:77,5,0,396
BRDA:77,5,1,440
BRDA:97,6,0,184
BRDA:97,6,1,96
BRDA:97,7,0,280
BRDA:97,7,1,188
BRDA:116,8,0,104
BRDA:116,8,1,52
BRDA:116,9,0,156
BRDA:116,9,1,104
BRDA:120,10,0,132
BRDA:120,10,1,24
BRDA:120,11,0,156
BRDA:120,11,1,132
BRDA:121,12,0,12
BRDA:121,12,1,120
BRDA:140,13,0,12
BRDA:140,13,1,96
BRDA:157,14,0,36
BRDA:157,14,1,16
BRDA:181,15,0,36
BRDA:181,15,1,348
BRDA:181,16,0,384
BRDA:181,16,1,384
BRDA:187,17,0,232
BRDA:187,17,1,116
BRDA:187,18,0,348
BRDA:187,18,1,232
BRDA:191,19,0,48
BRDA:191,19,1,300
BRDA:203,20,0,12
BRDA:203,20,1,96
BRF:40
BRH:40
end_of_record
TN:
SF:/Users/ariankhosravi/Projects/aofl-os/aofl/aofl-js-packages/cache-manager/src/cache-type-enumerate/index.js
FNF:0
FNH:0
DA:9,4
LF:1
LH:1
BRF:0
BRH:0
end_of_record
TN:
SF:/Users/ariankhosravi/Projects/aofl-os/aofl/aofl-js-packages/cache-manager/src/memory-storage/index.js
FN:14,(anonymous_0)
FN:29,(anonymous_1)
FN:47,(anonymous_2)
FN:62,(anonymous_3)
FN:73,(anonymous_4)
FNF:5
FNH:5
FNDA:48,(anonymous_0)
FNDA:20,(anonymous_1)
FNDA:196,(anonymous_2)
FNDA:164,(anonymous_3)
FNDA:140,(anonymous_4)
DA:15,48
DA:17,44
DA:18,44
DA:30,20
DA:31,20
DA:33,32
DA:34,32
DA:37,20
DA:49,196
DA:50,176
DA:52,20
DA:63,164
DA:74,140
DA:75,140
LF:14
LH:14
BRDA:17,0,0,44
BRDA:33,1,0,32
BRDA:49,2,0,176
BRF:3
BRH:3
end_of_record
TN:
SF:/Users/ariankhosravi/Projects/aofl-os/aofl/aofl-js-packages/component-utils/index.js
FNF:0
FNH:0
LF:0
LH:0
BRF:0
BRH:0
end_of_record
TN:
SF:/Users/ariankhosravi/Projects/aofl-os/aofl/aofl-js-packages/component-utils/src/find-parent/index.js
FN:8,(anonymous_0)
FNF:1
FNH:1
FNDA:12,(anonymous_0)
DA:8,4
DA:9,12
DA:10,12
DA:11,4
DA:14,8
DA:15,32
DA:16,32
DA:17,0
DA:18,32
DA:19,0
DA:20,32
DA:21,28
DA:23,4
DA:26,28
DA:27,28
DA:28,24
DA:29,24
DA:33,28
DA:34,4
DA:38,4
LF:20
LH:18
BRDA:10,0,0,4
BRDA:10,0,1,8
BRDA:16,1,0,0
BRDA:16,1,1,32
BRDA:18,2,0,0
BRDA:18,2,1,32
BRDA:18,3,0,32
BRDA:18,3,1,4
BRDA:20,4,0,28
BRDA:20,4,1,4
BRDA:27,5,0,24
BRDA:27,5,1,4
BRDA:33,6,0,4
BRDA:33,6,1,24
BRF:14
BRH:12
end_of_record
TN:
SF:/Users/ariankhosravi/Projects/aofl-os/aofl/aofl-js-packages/component-utils/src/is-in-viewport/index.js
FN:15,(anonymous_0)
FNF:1
FNH:1
FNDA:152,(anonymous_0)
DA:15,4
DA:16,152
DA:17,152
DA:18,152
DA:19,152
DA:20,152
DA:22,152
LF:7
LH:7
BRDA:15,0,0,152
BRDA:15,1,0,152
BRDA:22,2,0,152
BRDA:22,2,1,68
BRDA:22,2,2,60
BRDA:22,2,3,60
BRF:6
BRH:6
end_of_record
TN:
SF:/Users/ariankhosravi/Projects/aofl-os/aofl/aofl-js-packages/component-utils/src/is-in-viewport-mixin/index.js
FN:3,(anonymous_0)
FN:19,(anonymous_1)
FN:33,(anonymous_2)
FN:41,(anonymous_3)
FN:60,(anonymous_4)
FN:67,(anonymous_5)
FN:121,(anonymous_6)
FN:133,(anonymous_7)
FNF:8
FNH:8
FNDA:4,(anonymous_0)
FNDA:88,(anonymous_1)
FNDA:88,(anonymous_2)
FNDA:136,(anonymous_3)
FNDA:88,(anonymous_4)
FNDA:88,(anonymous_5)
FNDA:88,(anonymous_6)
FNDA:88,(anonymous_7)
DA:20,88
DA:21,88
DA:22,88
DA:23,88
DA:25,88
DA:34,88
DA:35,88
DA:42,136
DA:44,136
DA:47,136
DA:48,48
DA:49,48
DA:52,136
DA:53,112
DA:61,88
DA:68,88
DA:83,88
DA:84,88
DA:85,88
DA:122,88
DA:123,88
DA:124,88
DA:134,88
DA:135,88
DA:139,4
LF:25
LH:25
BRDA:44,0,0,136
BRDA:44,0,1,136
BRDA:44,0,2,136
BRDA:47,1,0,48
BRDA:47,1,1,88
BRDA:47,2,0,136
BRDA:47,2,1,112
BRDA:52,3,0,112
BRDA:52,3,1,24
BRF:9
BRH:9
end_of_record
TN:
SF:/Users/ariankhosravi/Projects/aofl-os/aofl/aofl-js-packages/form-validate/index.js
FNF:0
FNH:0
LF:0
LH:0
BRF:0
BRH:0
end_of_record
TN:
SF:/Users/ariankhosravi/Projects/aofl-os/aofl/aofl-js-packages/form-validate/src/is-all-digits/index.js
FN:15,isAllDigits
FNF:1
FNH:1
FNDA:12,isAllDigits
DA:2,4
DA:16,12
LF:2
LH:2
BRDA:16,0,0,12
BRDA:16,0,1,8
BRF:2
BRH:2
end_of_record
TN:
SF:/Users/ariankhosravi/Projects/aofl-os/aofl/aofl-js-packages/form-validate/src/is-equal/index.js
FN:15,(anonymous_0)
FN:16,isEqualValidator
FNF:2
FNH:2
FNDA:24,(anonymous_0)
FNDA:24,isEqualValidator
DA:15,4
DA:16,24
DA:17,24
DA:18,12
LF:4
LH:4
BRDA:17,0,0,12
BRDA:17,0,1,12
BRF:2
BRH:2
end_of_record
TN:
SF:/Users/ariankhosravi/Projects/aofl-os/aofl/aofl-js-packages/form-validate/src/is-required/index.js
FN:12,isRequired
FNF:1
FNH:1
FNDA:228,isRequired
DA:13,228
LF:1
LH:1
BRDA:13,0,0,228
BRDA:13,0,1,212
BRF:2
BRH:2
end_of_record
TN:
SF:/Users/ariankhosravi/Projects/aofl-os/aofl/aofl-js-packages/form-validate/src/length/index.js
FN:11,(anonymous_0)
FN:12,(anonymous_1)
FN:25,(anonymous_2)
FN:26,(anonymous_3)
FNF:4
FNH:4
FNDA:168,(anonymous_0)
FNDA:100,(anonymous_1)
FNDA:4,(anonymous_2)
FNDA:16,(anonymous_3)
DA:11,4
DA:12,168
DA:25,4
DA:26,16
LF:4
LH:4
BRDA:12,0,0,100
BRDA:12,0,1,96
BRDA:26,1,0,16
BRDA:26,1,1,12
BRF:4
BRH:4
end_of_record
TN:
SF:/Users/ariankhosravi/Projects/aofl-os/aofl/aofl-js-packages/form-validate/src/validation-function/index.js
FN:16,(anonymous_0)
FN:53,(anonymous_1)
FN:66,(anonymous_2)
FN:80,(anonymous_3)
FN:87,(anonymous_4)
FN:101,(anonymous_5)
FNF:6
FNH:6
FNDA:736,(anonymous_0)
FNDA:2208,(anonymous_1)
FNDA:400,(anonymous_2)
FNDA:376,(anonymous_3)
FNDA:400,(anonymous_4)
FNDA:556,(anonymous_5)
DA:17,736
DA:47,736
DA:54,2208
DA:55,2208
DA:56,2208
DA:57,2208
DA:58,2208
DA:59,2208
DA:67,400
DA:68,400
DA:69,400
DA:71,400
DA:72,400
DA:75,400
DA:77,400
DA:79,400
DA:80,376
DA:81,376
DA:85,400
DA:86,400
DA:88,400
DA:89,376
DA:90,376
DA:91,376
DA:92,376
DA:102,556
LF:26
LH:26
BRDA:79,0,0,376
BRDA:79,0,1,24
BRDA:88,1,0,376
BRDA:88,1,1,24
BRF:4
BRH:4
end_of_record
TN:
SF:/Users/ariankhosravi/Projects/aofl-os/aofl/aofl-js-packages/form-validate/src/validation-mixin/index.js
FN:12,(anonymous_0)
FN:20,(anonymous_1)
FNF:2
FNH:2
FNDA:12,(anonymous_0)
FNDA:204,(anonymous_1)
DA:21,204
DA:22,204
DA:24,204
DA:27,8
DA:30,208
DA:31,204
DA:32,204
DA:44,12
LF:8
LH:8
BRDA:30,0,0,204
BRDA:30,0,1,4
BRF:2
BRH:2
end_of_record
TN:
SF:/Users/ariankhosravi/Projects/aofl-os/aofl/aofl-js-packages/form-validate/src/validation-property/index.js
FN:23,(anonymous_0)
FN:62,(anonymous_1)
FN:63,(anonymous_2)
FN:81,(anonymous_3)
FN:98,(anonymous_4)
FN:115,(anonymous_5)
FN:132,(anonymous_6)
FN:146,(anonymous_7)
FN:149,(anonymous_8)
FN:154,(anonymous_9)
FN:155,(anonymous_10)
FN:157,(anonymous_11)
FNF:12
FNH:12
FNDA:776,(anonymous_0)
FNDA:1348,(anonymous_1)
FNDA:1348,(anonymous_2)
FNDA:108,(anonymous_3)
FNDA:1828,(anonymous_4)
FNDA:68,(anonymous_5)
FNDA:380,(anonymous_6)
FNDA:596,(anonymous_7)
FNDA:12,(anonymous_8)
FNDA:600,(anonymous_9)
FNDA:992,(anonymous_10)
FNDA:600,(anonymous_11)
DA:24,776
DA:27,776
DA:30,776
DA:34,776
DA:42,1308
DA:43,1308
DA:44,572
DA:46,736
DA:49,1308
DA:50,736
DA:52,572
DA:56,776
DA:63,1348
DA:64,1348
DA:66,1348
DA:68,1348
DA:73,2044
DA:82,108
DA:87,152
DA:88,48
DA:91,60
DA:99,1828
DA:104,2352
DA:105,620
DA:108,1208
DA:116,68
DA:121,108
DA:122,28
DA:125,40
DA:133,380
DA:138,604
DA:147,596
DA:148,12
DA:149,12
DA:150,12
DA:154,596
DA:155,992
DA:156,600
DA:158,600
DA:159,4
DA:162,596
DA:163,596
DA:167,596
DA:168,596
LF:44
LH:44
BRDA:23,0,0,204
BRDA:43,1,0,572
BRDA:43,1,1,736
BRDA:49,2,0,736
BRDA:49,2,1,572
BRDA:87,3,0,48
BRDA:87,3,1,104
BRDA:104,4,0,620
BRDA:104,4,1,1732
BRDA:121,5,0,28
BRDA:121,5,1,80
BRDA:147,6,0,12
BRDA:147,6,1,584
BRDA:147,7,0,596
BRDA:147,7,1,448
BRDA:158,8,0,4
BRDA:158,8,1,596
BRF:17
BRH:17
end_of_record
TN:
SF:/Users/ariankhosravi/Projects/aofl-os/aofl/aofl-js-packages/i18n-mixin/index.js
FNF:0
FNH:0
LF:0
LH:0
BRF:0
BRH:0
end_of_record
TN:
SF:/Users/ariankhosravi/Projects/aofl-os/aofl/aofl-js-packages/i18n-mixin/src/i18n-mixin/index.js
FN:16,(anonymous_0)
FN:24,(anonymous_1)
FN:33,(anonymous_2)
FN:43,(anonymous_3)
FN:44,(anonymous_4)
FN:59,(anonymous_5)
FN:62,(anonymous_6)
FN:75,(anonymous_7)
FN:102,(anonymous_8)
FN:145,(anonymous_9)
FN:207,(anonymous_10)
FN:221,(anonymous_11)
FN:240,(anonymous_12)
FN:252,(anonymous_13)
FNF:14
FNH:14
FNDA:4,(anonymous_0)
FNDA:108,(anonymous_1)
FNDA:4,(anonymous_2)
FNDA:108,(anonymous_3)
FNDA:16,(anonymous_4)
FNDA:296,(anonymous_5)
FNDA:128,(anonymous_6)
FNDA:204,(anonymous_7)
FNDA:240,(anonymous_8)
FNDA:92,(anonymous_9)
FNDA:108,(anonymous_10)
FNDA:124,(anonymous_11)
FNDA:148,(anonymous_12)
FNDA:108,(anonymous_13)
DA:5,4
DA:6,4
DA:25,108
DA:26,108
DA:27,108
DA:34,4
DA:44,108
DA:45,16
DA:46,12
DA:47,12
DA:49,108
DA:50,108
DA:60,296
DA:61,128
DA:62,128
DA:64,168
DA:76,204
DA:77,204
DA:78,204
DA:80,204
DA:82,64
DA:85,204
DA:86,204
DA:88,184
DA:91,204
DA:103,240
DA:105,240
DA:106,240
DA:109,240
DA:110,240
DA:111,240
DA:113,240
DA:114,224
DA:115,224
DA:116,224
DA:118,224
DA:119,224
DA:120,224
DA:123,240
DA:125,240
DA:126,240
DA:128,240
DA:130,216
DA:133,240
DA:146,92
DA:147,92
DA:148,92
DA:149,92
DA:150,92
DA:153,92
DA:154,92
DA:155,92
DA:156,92
DA:159,92
DA:161,92
DA:162,8
DA:165,92
DA:168,92
DA:169,92
DA:170,64
DA:175,92
DA:176,92
DA:178,92
DA:179,28
DA:180,28
DA:181,28
DA:182,28
DA:184,28
DA:185,4
DA:188,28
DA:189,28
DA:190,28
DA:193,92
DA:195,92
DA:196,92
DA:198,88
DA:201,92
DA:208,108
DA:209,108
DA:222,124
DA:223,80
DA:224,4
DA:226,76
DA:228,80
DA:230,124
DA:241,148
DA:242,148
DA:243,92
DA:246,148
DA:253,108
DA:254,108
DA:257,4
LF:92
LH:92
BRDA:45,0,0,4
BRDA:45,0,1,12
BRDA:60,1,0,128
BRDA:60,1,1,168
BRDA:60,2,0,296
BRDA:60,2,1,240
BRDA:80,3,0,64
BRDA:80,3,1,140
BRDA:80,4,0,204
BRDA:80,4,1,204
BRDA:80,4,2,64
BRDA:86,5,0,184
BRDA:86,5,1,20
BRDA:86,6,0,204
BRDA:86,6,1,20
BRDA:105,7,0,240
BRDA:105,8,0,240
BRDA:105,8,1,240
BRDA:105,8,2,240
BRDA:128,9,0,216
BRDA:128,9,1,24
BRDA:128,10,0,240
BRDA:128,10,1,24
BRDA:153,11,0,92
BRDA:153,12,0,92
BRDA:153,12,1,92
BRDA:161,13,0,8
BRDA:161,13,1,84
BRDA:169,14,0,64
BRDA:169,14,1,28
BRDA:169,15,0,92
BRDA:169,15,1,64
BRDA:184,16,0,4
BRDA:184,16,1,24
BRDA:196,17,0,88
BRDA:196,17,1,4
BRDA:196,18,0,92
BRDA:196,18,1,4
BRDA:208,19,0,108
BRDA:208,19,1,44
BRDA:222,20,0,80
BRDA:222,20,1,44
BRDA:223,21,0,4
BRDA:223,21,1,76
BRDA:242,22,0,92
BRDA:242,22,1,56
BRF:46
BRH:46
end_of_record
TN:
SF:/Users/ariankhosravi/Projects/aofl-os/aofl/aofl-js-packages/map-state-properties-mixin/index.js
FNF:0
FNH:0
LF:0
LH:0
BRF:0
BRH:0
end_of_record
TN:
SF:/Users/ariankhosravi/Projects/aofl-os/aofl/aofl-js-packages/map-state-properties-mixin/src/map-state-properties-mixin/index.js
FN:7,(anonymous_0)
FN:15,(anonymous_1)
FN:20,(anonymous_2)
FN:30,(anonymous_3)
FNF:4
FNH:4
FNDA:4,(anonymous_0)
FNDA:8,(anonymous_1)
FNDA:4,(anonymous_2)
FNDA:8,(anonymous_3)
DA:17,8
DA:19,8
DA:20,8
DA:21,4
DA:24,8
DA:31,8
DA:33,8
DA:34,8
DA:35,8
DA:40,4
LF:10
LH:10
BRDA:17,0,0,8
BRDA:17,1,0,8
BRDA:17,1,1,8
BRDA:33,2,0,8
BRF:4
BRH:4
end_of_record
TN:
SF:/Users/ariankhosravi/Projects/aofl-os/aofl/aofl-js-packages/middleware/index.js
FNF:0
FNH:0
LF:0
LH:0
BRF:0
BRH:0
end_of_record
TN:
SF:/Users/ariankhosravi/Projects/aofl-os/aofl/aofl-js-packages/middleware/src/Middleware/index.js
FN:13,(anonymous_0)
FN:24,(anonymous_1)
FN:37,(anonymous_2)
FN:63,(anonymous_3)
FN:64,(anonymous_4)
FN:67,(anonymous_5)
FNF:6
FNH:6
FNDA:4,(anonymous_0)
FNDA:48,(anonymous_1)
FNDA:8,(anonymous_2)
FNDA:8,(anonymous_3)
FNDA:8,(anonymous_4)
FNDA:28,(anonymous_5)
DA:14,4
DA:15,4
DA:16,8
DA:25,48
DA:26,44
DA:27,40
DA:38,8
DA:39,8
DA:41,8
DA:43,28
DA:44,20
DA:50,8
DA:64,8
DA:65,8
DA:66,8
DA:67,8
DA:68,28
DA:69,28
DA:70,20
DA:72,8
DA:75,8
LF:21
LH:21
BRDA:25,0,0,4
BRDA:25,0,1,44
BRDA:26,1,0,4
BRDA:26,1,1,40
BRDA:43,2,0,20
BRDA:43,2,1,8
BRDA:63,3,0,8
BRDA:69,4,0,20
BRDA:69,4,1,8
BRF:9
BRH:9
end_of_record
TN:
SF:/Users/ariankhosravi/Projects/aofl-os/aofl/aofl-js-packages/object-utils/index.js
FNF:0
FNH:0
LF:0
LH:0
BRF:0
BRH:0
end_of_record
TN:
SF:/Users/ariankhosravi/Projects/aofl-os/aofl/aofl-js-packages/object-utils/src/deep-assign-service/index.js
FN:46,deepAssign
FN:52,(anonymous_1)
FNF:2
FNH:2
FNDA:24,deepAssign
FNDA:36,(anonymous_1)
DA:47,24
DA:48,24
DA:49,20
DA:52,24
DA:53,36
DA:54,24
DA:57,12
DA:58,12
DA:59,12
DA:65,24
LF:10
LH:10
BRDA:48,0,0,20
BRDA:48,0,1,4
BRDA:53,1,0,24
BRDA:53,1,1,12
BRF:4
BRH:4
end_of_record
TN:
SF:/Users/ariankhosravi/Projects/aofl-os/aofl/aofl-js-packages/object-utils/src/deep-feeze-service/index.js
FN:11,deepFreeze
FN:14,(anonymous_1)
FNF:2
FNH:2
FNDA:16,deepFreeze
FNDA:24,(anonymous_1)
DA:12,16
DA:14,16
DA:15,24
DA:18,8
DA:22,16
LF:5
LH:5
BRDA:15,0,0,8
BRDA:15,0,1,16
BRDA:15,1,0,24
BRDA:15,1,1,24
BRDA:15,1,2,24
BRDA:15,1,3,16
BRDA:15,1,4,8
BRF:7
BRH:7
end_of_record
TN:
SF:/Users/ariankhosravi/Projects/aofl-os/aofl/aofl-js-packages/polyfill-service/index.js
FNF:0
FNH:0
LF:0
LH:0
BRF:0
BRH:0
end_of_record
TN:
SF:/Users/ariankhosravi/Projects/aofl-os/aofl/aofl-js-packages/polyfill-service/src/polyfill/index.js
FN:24,(anonymous_0)
FN:41,(anonymous_1)
FN:57,(anonymous_2)
FNF:3
FNH:3
FNDA:36,(anonymous_0)
FNDA:28,(anonymous_1)
FNDA:8,(anonymous_2)
DA:25,36
DA:26,36
DA:27,36
DA:28,48
DA:29,36
DA:31,24
DA:42,28
DA:44,4
DA:45,24
DA:46,4
DA:48,20
DA:58,8
DA:60,8
DA:67,8
LF:14
LH:14
BRDA:28,0,0,12
BRDA:28,0,1,36
BRDA:42,1,0,4
BRDA:42,1,1,24
BRDA:42,2,0,28
BRDA:42,2,1,8
BRDA:42,2,2,8
BRDA:45,3,0,4
BRDA:45,3,1,20
BRDA:45,4,0,24
BRDA:45,4,1,20
BRF:11
BRH:11
end_of_record
TN:
SF:/Users/ariankhosravi/Projects/aofl-os/aofl/aofl-js-packages/polyfill-service/src/promiscuous-polyfill/index.js
FNF:0
FNH:0
LF:0
LH:0
BRF:0
BRH:0
end_of_record
TN:
SF:/Users/ariankhosravi/Projects/aofl-os/aofl/aofl-js-packages/polyfill-service/src/webcomponents-loader/index.js
FNF:0
FNH:0
LF:0
LH:0
BRF:0
BRH:0
end_of_record
TN:
SF:/Users/ariankhosravi/Projects/aofl-os/aofl/aofl-js-packages/register-callback/index.js
FNF:0
FNH:0
LF:0
LH:0
BRF:0
BRH:0
end_of_record
TN:
SF:/Users/ariankhosravi/Projects/aofl-os/aofl/aofl-js-packages/register-callback/src/register-callback/index.js
FN:14,(anonymous_0)
FN:24,(anonymous_1)
FN:27,(anonymous_2)
FN:50,(anonymous_3)
FNF:4
FNH:4
FNDA:20,(anonymous_0)
FNDA:20,(anonymous_1)
FNDA:12,(anonymous_2)
FNDA:4,(anonymous_3)
DA:15,20
DA:25,20
DA:27,20
DA:28,12
DA:29,8
DA:33,8
DA:35,8
DA:36,8
DA:40,20
DA:51,4
DA:52,4
LF:11
LH:11
BRDA:28,0,0,4
BRDA:28,0,1,8
BRDA:35,1,0,8
BRDA:50,2,0,4
BRF:4
BRH:4
end_of_record
TN:
SF:/Users/ariankhosravi/Projects/aofl-os/aofl/aofl-js-packages/resource-enumerate/index.js
FNF:0
FNH:0
LF:0
LH:0
BRF:0
BRH:0
end_of_record
TN:
SF:/Users/ariankhosravi/Projects/aofl-os/aofl/aofl-js-packages/resource-enumerate/src/resource-enumerate/index.js
FN:26,(anonymous_0)
FN:37,(anonymous_1)
FN:48,(anonymous_2)
FN:100,(anonymous_3)
FN:130,(anonymous_4)
FN:141,(anonymous_5)
FN:148,(anonymous_6)
FNF:7
FNH:7
FNDA:36,(anonymous_0)
FNDA:104,(anonymous_1)
FNDA:36,(anonymous_2)
FNDA:32,(anonymous_3)
FNDA:28,(anonymous_4)
FNDA:12,(anonymous_5)
FNDA:12,(anonymous_6)
DA:27,36
DA:28,36
DA:29,36
DA:38,104
DA:49,36
DA:51,36
DA:54,36
DA:55,36
DA:57,24
DA:60,24
DA:65,36
DA:66,12
DA:69,24
DA:101,32
DA:102,32
DA:104,32
DA:105,4
DA:108,28
DA:109,16
DA:110,16
DA:113,28
DA:114,28
DA:115,28
DA:120,28
DA:121,28
DA:123,28
DA:124,4
DA:126,24
DA:130,28
DA:142,12
DA:143,12
DA:144,4
DA:147,12
DA:149,12
DA:152,12
DA:153,12
DA:154,12
DA:155,8
DA:157,12
LF:39
LH:39
BRDA:48,0,0,36
BRDA:57,1,0,24
BRDA:57,1,1,24
BRDA:65,2,0,12
BRDA:65,2,1,24
BRDA:65,3,0,36
BRDA:65,3,1,36
BRDA:100,4,0,20
BRDA:104,5,0,4
BRDA:104,5,1,28
BRDA:108,6,0,16
BRDA:108,6,1,12
BRDA:108,7,0,28
BRDA:108,7,1,20
BRDA:108,7,2,8
BRDA:123,8,0,4
BRDA:123,8,1,24
BRDA:143,9,0,4
BRDA:143,9,1,8
BRDA:154,10,0,8
BRDA:154,10,1,4
BRF:21
BRH:21
end_of_record
TN:
SF:/Users/ariankhosravi/Projects/aofl-os/aofl/aofl-js-packages/rotations/index.js
FNF:0
FNH:0
LF:0
LH:0
BRF:0
BRH:0
end_of_record
TN:
SF:/Users/ariankhosravi/Projects/aofl-os/aofl/aofl-js-packages/rotations/src/rotations/index.js
FN:19,(anonymous_0)
FN:31,(anonymous_1)
FN:40,(anonymous_2)
FN:47,(anonymous_3)
FN:56,(anonymous_4)
FN:73,(anonymous_5)
FN:99,(anonymous_6)
FN:103,(anonymous_7)
FN:109,(anonymous_8)
FN:130,(anonymous_9)
FN:150,(anonymous_10)
FN:177,(anonymous_11)
FN:180,(anonymous_12)
FN:207,(anonymous_13)
FN:208,(anonymous_14)
FN:218,(anonymous_15)
FN:225,(anonymous_16)
FN:235,(anonymous_17)
FNF:18
FNH:18
FNDA:128,(anonymous_0)
FNDA:500,(anonymous_1)
FNDA:1024,(anonymous_2)
FNDA:480,(anonymous_3)
FNDA:2504,(anonymous_4)
FNDA:2500,(anonymous_5)
FNDA:528,(anonymous_6)
FNDA:528,(anonymous_7)
FNDA:512,(anonymous_8)
FNDA:2492,(anonymous_9)
FNDA:512,(anonymous_10)
FNDA:504,(anonymous_11)
FNDA:1048,(anonymous_12)
FNDA:504,(anonymous_13)
FNDA:504,(anonymous_14)
FNDA:1024,(anonymous_15)
FNDA:508,(anonymous_16)
FNDA:22,(anonymous_17)
DA:20,128
DA:21,128
DA:22,128
DA:23,128
DA:32,500
DA:41,1024
DA:48,480
DA:57,2504
DA:59,2504
DA:61,5008
DA:62,5008
DA:65,2504
DA:74,2500
DA:75,2500
DA:78,2500
DA:79,2500
DA:81,5000
DA:82,5000
DA:83,5000
DA:84,5000
DA:85,5000
DA:86,5000
DA:91,2500
DA:100,528
DA:101,528
DA:102,528
DA:103,528
DA:104,528
DA:105,528
DA:106,512
DA:107,1024
DA:109,512
DA:110,512
DA:111,516
DA:113,512
DA:114,512
DA:117,512
DA:120,16
DA:132,2492
DA:133,2492
DA:134,2492
DA:135,3158
DA:136,2492
DA:137,2492
DA:140,2492
DA:151,512
DA:152,512
DA:153,540
DA:154,540
DA:155,506
DA:156,506
DA:160,512
DA:161,528
DA:162,504
DA:167,504
DA:170,506
DA:178,504
DA:179,504
DA:180,504
DA:181,1048
DA:182,532
DA:183,532
DA:187,504
DA:188,500
DA:189,524
DA:192,504
DA:194,1000
DA:195,500
DA:196,524
DA:197,524
DA:200,504
DA:208,504
DA:209,504
DA:210,4
DA:212,500
DA:213,500
DA:214,500
DA:215,500
DA:218,500
DA:219,1024
DA:220,1024
DA:221,1024
DA:222,500
DA:224,524
DA:225,524
DA:226,508
DA:227,508
DA:228,492
DA:229,492
DA:231,508
DA:232,508
DA:233,502
DA:237,22
DA:241,500
LF:94
LH:94
BRDA:61,0,0,5008
BRDA:81,1,0,5000
BRDA:105,2,0,512
BRDA:105,2,1,16
BRDA:111,3,0,512
BRDA:111,3,1,4
BRDA:120,4,0,16
BRDA:120,4,1,16
BRDA:135,5,0,2492
BRDA:135,5,1,666
BRDA:135,6,0,3158
BRDA:135,6,1,680
BRDA:154,7,0,506
BRDA:154,7,1,34
BRDA:161,8,0,504
BRDA:161,8,1,18
BRDA:181,9,0,532
BRDA:181,9,1,516
BRDA:187,10,0,500
BRDA:187,10,1,4
BRDA:194,11,0,500
BRDA:194,12,0,1000
BRDA:194,12,1,1000
BRDA:209,13,0,4
BRDA:209,13,1,500
BRDA:209,14,0,504
BRDA:209,14,1,12
BRDA:218,15,0,4
BRDA:221,16,0,500
BRDA:221,16,1,524
BRDA:227,17,0,492
BRDA:227,17,1,16
BRF:32
BRH:32
end_of_record
TN:
SF:/Users/ariankhosravi/Projects/aofl-os/aofl/aofl-js-packages/router/index.js
FNF:0
FNH:0
LF:0
LH:0
BRF:0
BRH:0
end_of_record
TN:
SF:/Users/ariankhosravi/Projects/aofl-os/aofl/aofl-js-packages/router/src/Router/index.js
FN:24,(anonymous_0)
FN:40,(anonymous_1)
FN:57,(anonymous_2)
FN:67,(anonymous_3)
FN:77,(anonymous_4)
FN:87,(anonymous_5)
FN:96,(anonymous_6)
FN:113,(anonymous_7)
FN:128,(anonymous_8)
FN:129,(anonymous_9)
FN:134,(anonymous_10)
FN:146,(anonymous_11)
FN:147,(anonymous_12)
FN:157,(anonymous_13)
FNF:14
FNH:14
FNDA:68,(anonymous_0)
FNDA:64,(anonymous_1)
FNDA:8,(anonymous_2)
FNDA:108,(anonymous_3)
FNDA:8,(anonymous_4)
FNDA:68,(anonymous_5)
FNDA:72,(anonymous_6)
FNDA:64,(anonymous_7)
FNDA:64,(anonymous_8)
FNDA:4,(anonymous_9)
FNDA:4,(anonymous_10)
FNDA:72,(anonymous_11)
FNDA:72,(anonymous_12)
FNDA:68,(anonymous_13)
DA:25,68
DA:41,64
DA:45,64
DA:49,64
DA:58,8
DA:59,8
DA:68,108
DA:69,108
DA:78,8
DA:79,8
DA:88,68
DA:89,68
DA:97,72
DA:98,72
DA:99,72
DA:101,24
DA:102,20
DA:105,24
DA:114,64
DA:115,512
DA:116,512
DA:121,64
DA:129,64
DA:130,4
DA:131,4
DA:133,64
DA:134,64
DA:135,4
DA:147,72
DA:148,72
DA:149,72
DA:155,72
DA:156,68
DA:158,68
DA:161,4
LF:35
LH:35
BRDA:101,0,0,20
BRDA:101,0,1,4
BRDA:101,1,0,24
BRDA:101,1,1,20
BRDA:146,2,0,68
BRDA:146,3,0,68
BRDA:155,4,0,68
BRDA:155,4,1,4
BRDA:155,5,0,72
BRDA:155,5,1,8
BRF:10
BRH:10
end_of_record
TN:
SF:/Users/ariankhosravi/Projects/aofl-os/aofl/aofl-js-packages/router/src/match-route-middleware/index.js
FN:14,(anonymous_0)
FN:58,(anonymous_1)
FN:58,(anonymous_2)
FNF:3
FNH:3
FNDA:72,(anonymous_0)
FNDA:64,(anonymous_1)
FNDA:72,(anonymous_2)
DA:14,4
DA:15,72
DA:16,72
DA:17,72
DA:18,424
DA:19,424
DA:20,424
DA:21,40
DA:22,40
DA:23,40
DA:25,384
DA:26,384
DA:27,36
DA:28,28
DA:30,8
DA:31,8
DA:32,8
DA:33,8
DA:34,8
DA:35,8
DA:36,4
DA:37,4
DA:42,72
DA:43,72
DA:44,60
DA:58,64
DA:59,72
DA:60,72
DA:61,60
DA:62,60
DA:63,60
DA:65,12
LF:32
LH:32
BRDA:20,0,0,40
BRDA:20,0,1,384
BRDA:26,1,0,36
BRDA:26,1,1,348
BRDA:27,2,0,28
BRDA:27,2,1,8
BRDA:35,3,0,4
BRDA:35,3,1,4
BRDA:43,4,0,12
BRDA:43,4,1,60
BRDA:60,5,0,60
BRDA:60,5,1,12
BRF:12
BRH:12
end_of_record
TN:
SF:/Users/ariankhosravi/Projects/aofl-os/aofl/aofl-js-packages/router/src/path-utils/index.js
FN:24,(anonymous_0)
FN:49,(anonymous_1)
FN:63,(anonymous_2)
FN:77,(anonymous_3)
FN:89,(anonymous_4)
FN:90,(anonymous_5)
FN:100,(anonymous_6)
FN:111,(anonymous_7)
FNF:8
FNH:8
FNDA:512,(anonymous_0)
FNDA:28,(anonymous_1)
FNDA:1008,(anonymous_2)
FNDA:1008,(anonymous_3)
FNDA:24,(anonymous_4)
FNDA:96,(anonymous_5)
FNDA:48,(anonymous_6)
FNDA:16,(anonymous_7)
DA:12,4
DA:13,4
DA:14,4
DA:25,512
DA:26,512
DA:27,512
DA:28,512
DA:29,512
DA:30,232
DA:32,280
DA:33,280
DA:34,392
DA:35,392
DA:36,392
DA:37,392
DA:40,280
DA:43,512
DA:44,512
DA:47,60
DA:48,20
DA:49,20
DA:50,28
DA:51,28
DA:64,1008
DA:69,1008
DA:78,1008
DA:79,1004
DA:90,96
DA:101,48
DA:112,16
DA:113,16
DA:115,48
DA:116,24
DA:124,16
LF:34
LH:34
BRDA:29,0,0,232
BRDA:29,0,1,280
BRDA:47,1,0,40
BRDA:47,1,1,20
BRDA:78,2,0,4
BRDA:78,2,1,1004
BRDA:79,3,0,1004
BRDA:79,3,1,1004
BRDA:113,4,0,64
BRDA:113,4,1,48
BRDA:115,5,0,24
BRF:11
BRH:11
end_of_record
TN:
SF:/Users/ariankhosravi/Projects/aofl-os/aofl/aofl-js-packages/router/src/redirect-middleware/index.js
FN:8,(anonymous_0)
FN:9,(anonymous_1)
FNF:2
FNH:2
FNDA:64,(anonymous_0)
FNDA:72,(anonymous_1)
DA:9,64
DA:10,72
DA:11,4
DA:13,68
LF:4
LH:4
BRDA:10,0,0,4
BRDA:10,0,1,68
BRF:2
BRH:2
end_of_record
TN:
SF:/Users/ariankhosravi/Projects/aofl-os/aofl/aofl-js-packages/router/src/router-instance/index.js
FNF:0
FNH:0
DA:12,4
LF:1
LH:1
BRF:0
BRH:0
end_of_record
TN:
SF:/Users/ariankhosravi/Projects/aofl-os/aofl/aofl-js-packages/server-environment/index.js
FNF:0
FNH:0
LF:0
LH:0
BRF:0
BRH:0
end_of_record
TN:
SF:/Users/ariankhosravi/Projects/aofl-os/aofl/aofl-js-packages/server-environment/src/environment-type-enumerate/index.js
FNF:0
FNH:0
DA:10,4
LF:1
LH:1
BRF:0
BRH:0
end_of_record
TN:
SF:/Users/ariankhosravi/Projects/aofl-os/aofl/aofl-js-packages/server-environment/src/server-environment-service/index.js
FN:15,getServerEnvironment
FNF:1
FNH:1
FNDA:12,getServerEnvironment
DA:16,12
DA:17,4
DA:20,8
DA:21,4
DA:24,4
LF:5
LH:5
BRDA:16,0,0,4
BRDA:16,0,1,8
BRDA:16,1,0,12
BRDA:16,1,1,4
BRDA:20,2,0,4
BRDA:20,2,1,4
BRDA:20,3,0,8
BRDA:20,3,1,4
BRF:8
BRH:8
end_of_record
TN:
SF:/Users/ariankhosravi/Projects/aofl-os/aofl/aofl-js-packages/store/index.js
FNF:0
FNH:0
LF:0
LH:0
BRF:0
BRH:0
end_of_record
TN:
SF:/Users/ariankhosravi/Projects/aofl-os/aofl/aofl-js-packages/store/src/Store/index.js
FN:21,(anonymous_0)
FN:44,(anonymous_1)
FN:53,(anonymous_2)
FN:66,(anonymous_3)
FN:69,(anonymous_4)
FN:92,(anonymous_5)
FN:105,(anonymous_6)
FN:120,(anonymous_7)
FN:131,(anonymous_8)
FN:139,(anonymous_9)
FN:157,(anonymous_10)
FN:183,(anonymous_11)
FN:194,(anonymous_12)
FN:219,(anonymous_13)
FN:238,(anonymous_14)
FN:251,(anonymous_15)
FNF:16
FNH:16
FNDA:80,(anonymous_0)
FNDA:24,(anonymous_1)
FNDA:132,(anonymous_2)
FNDA:32,(anonymous_3)
FNDA:64,(anonymous_4)
FNDA:16,(anonymous_5)
FNDA:96,(anonymous_6)
FNDA:96,(anonymous_7)
FNDA:8,(anonymous_8)
FNDA:8,(anonymous_9)
FNDA:36,(anonymous_10)
FNDA:56,(anonymous_11)
FNDA:32,(anonymous_12)
FNDA:40,(anonymous_13)
FNDA:64,(anonymous_14)
FNDA:112,(anonymous_15)
DA:22,80
DA:23,80
DA:24,80
DA:25,80
DA:26,80
DA:27,80
DA:31,80
DA:32,16
DA:33,16
DA:45,24
DA:54,132
DA:67,32
DA:69,32
DA:70,64
DA:71,64
DA:74,80
DA:75,48
DA:76,48
DA:79,64
DA:82,32
DA:83,32
DA:93,16
DA:94,16
DA:106,96
DA:107,96
DA:108,40
DA:110,96
DA:121,96
DA:122,96
DA:125,96
DA:128,80
DA:129,16
DA:130,16
DA:132,8
DA:133,8
DA:140,8
DA:141,8
DA:158,36
DA:159,36
DA:160,36
DA:161,4
DA:164,32
DA:165,32
DA:167,32
DA:172,32
DA:184,56
DA:186,52
DA:192,52
DA:193,16
DA:194,16
DA:195,32
DA:196,32
DA:200,52
DA:204,52
DA:205,16
DA:207,36
DA:220,40
DA:221,4
DA:224,36
DA:227,32
DA:228,32
DA:229,32
DA:230,32
DA:239,64
DA:240,64
DA:241,64
DA:242,64
DA:252,112
DA:253,112
DA:254,4
DA:257,112
LF:71
LH:71
BRDA:31,0,0,16
BRDA:31,0,1,64
BRDA:31,1,0,80
BRDA:66,2,0,16
BRDA:69,3,0,32
BRDA:74,4,0,48
BRDA:74,4,1,32
BRDA:74,5,0,80
BRDA:74,5,1,56
BRDA:74,5,2,32
BRDA:128,6,0,16
BRDA:128,6,1,64
BRDA:160,7,0,4
BRDA:160,7,1,32
BRDA:184,8,0,4
BRDA:184,8,1,52
BRDA:192,9,0,16
BRDA:192,9,1,36
BRDA:204,10,0,16
BRDA:204,10,1,36
BRDA:220,11,0,4
BRDA:220,11,1,36
BRDA:227,12,0,32
BRDA:253,13,0,4
BRDA:253,13,1,108
BRF:25
BRH:25
end_of_record
TN:
SF:/Users/ariankhosravi/Projects/aofl-os/aofl/aofl-js-packages/store/src/instance/index.js
FNF:0
FNH:0
DA:14,4
LF:1
LH:1
BRF:0
BRH:0
end_of_record
TN:
SF:/Users/ariankhosravi/Projects/aofl-os/aofl/aofl-js-packages/uuid/index.js
FN:9,(anonymous_0)
FNF:1
FNH:1
FNDA:1536000,(anonymous_0)
DA:9,4
DA:10,1536000
DA:11,1488000
DA:14,48000
LF:4
LH:4
BRDA:10,0,0,1488000
BRDA:10,0,1,48000
BRF:2
BRH:2
end_of_record
TN:
SF:/Users/ariankhosravi/Projects/aofl-os/aofl/aofl-js-packages/web-components/aofl-drawer/index.js
FN:20,(anonymous_0)
FN:30,(anonymous_1)
FN:41,(anonymous_2)
FN:54,(anonymous_3)
FN:79,(anonymous_4)
FN:89,(anonymous_5)
FN:107,(anonymous_6)
FN:110,(anonymous_7)
FN:135,(anonymous_8)
FN:139,(anonymous_9)
FN:150,(anonymous_10)
FN:161,(anonymous_11)
FN:176,(anonymous_12)
FN:187,(anonymous_13)
FNF:14
FNH:14
FNDA:24,(anonymous_0)
FNDA:4,(anonymous_1)
FNDA:4,(anonymous_2)
FNDA:24,(anonymous_3)
FNDA:40,(anonymous_4)
FNDA:72,(anonymous_5)
FNDA:20,(anonymous_6)
FNDA:12,(anonymous_7)
FNDA:12,(anonymous_8)
FNDA:16,(anonymous_9)
FNDA:4,(anonymous_10)
FNDA:17,(anonymous_11)
FNDA:13,(anonymous_12)
FNDA:24,(anonymous_13)
DA:21,24
DA:22,24
DA:23,24
DA:24,24
DA:31,4
DA:42,4
DA:55,24
DA:57,24
DA:58,24
DA:59,24
DA:62,24
DA:63,16
DA:64,4
DA:65,4
DA:67,12
DA:68,12
DA:71,16
DA:72,16
DA:80,40
DA:90,72
DA:92,72
DA:93,36
DA:94,20
DA:96,16
DA:109,20
DA:110,12
DA:111,12
DA:112,12
DA:113,12
DA:114,12
DA:136,12
DA:137,12
DA:139,12
DA:140,16
DA:149,12
DA:150,12
DA:151,4
DA:162,17
DA:163,17
DA:164,13
DA:165,13
DA:166,13
DA:167,8
DA:168,8
DA:169,8
DA:171,5
DA:172,5
DA:173,5
DA:176,13
DA:177,13
DA:188,24
DA:189,24
DA:190,16
DA:191,16
DA:196,4
LF:55
LH:55
BRDA:58,0,0,24
BRDA:58,0,1,24
BRDA:59,1,0,24
BRDA:59,1,1,16
BRDA:62,2,0,16
BRDA:62,2,1,8
BRDA:63,3,0,4
BRDA:63,3,1,12
BRDA:92,4,0,36
BRDA:93,5,0,20
BRDA:93,5,1,16
BRDA:109,6,0,12
BRDA:163,7,0,13
BRDA:163,7,1,4
BRDA:166,8,0,8
BRDA:166,8,1,5
BRDA:189,9,0,16
BRDA:189,9,1,8
BRF:18
BRH:18
end_of_record
TN:
SF:/Users/ariankhosravi/Projects/aofl-os/aofl/aofl-js-packages/web-components/aofl-drawer/template.js
FN:1,(anonymous_0)
FNF:1
FNH:1
FNDA:40,(anonymous_0)
DA:1,40
LF:1
LH:1
BRF:0
BRH:0
end_of_record
TN:
SF:/Users/ariankhosravi/Projects/aofl-os/aofl/aofl-js-packages/web-components/aofl-element/index.js
FN:22,(anonymous_0)
FN:23,(anonymous_1)
FNF:2
FNH:2
FNDA:1824,(anonymous_0)
FNDA:116,(anonymous_1)
DA:23,1824
DA:24,116
DA:25,112
DA:27,116
DA:30,1824
LF:5
LH:5
BRDA:22,0,0,1572
BRDA:24,1,0,112
BRDA:24,1,1,4
BRDA:24,2,0,116
BRDA:24,2,1,112
BRF:5
BRH:5
end_of_record
TN:
SF:/Users/ariankhosravi/Projects/aofl-os/aofl/aofl-js-packages/web-components/aofl-img/index.js
FN:27,(anonymous_0)
FN:39,(anonymous_1)
FN:47,(anonymous_2)
FN:61,(anonymous_3)
FN:76,(anonymous_4)
FN:85,(anonymous_5)
FN:94,(anonymous_6)
FN:106,(anonymous_7)
FN:116,(anonymous_8)
FNF:9
FNH:9
FNDA:104,(anonymous_0)
FNDA:4,(anonymous_1)
FNDA:4,(anonymous_2)
FNDA:104,(anonymous_3)
FNDA:28,(anonymous_4)
FNDA:136,(anonymous_5)
FNDA:136,(anonymous_6)
FNDA:244,(anonymous_7)
FNDA:110,(anonymous_8)
DA:15,4
DA:28,104
DA:29,104
DA:30,104
DA:31,104
DA:32,104
DA:40,4
DA:48,4
DA:62,104
DA:63,104
DA:64,104
DA:65,104
DA:69,8
DA:77,28
DA:78,28
DA:86,136
DA:95,136
DA:96,104
DA:98,136
DA:107,244
DA:108,28
DA:109,28
DA:117,110
DA:118,4
DA:121,110
DA:122,4
DA:124,110
DA:128,4
LF:28
LH:28
BRDA:95,0,0,104
BRDA:95,0,1,32
BRDA:95,1,0,136
BRDA:95,1,1,104
BRDA:107,2,0,216
BRDA:107,2,1,28
BRDA:117,3,0,4
BRDA:117,3,1,106
BRDA:121,4,0,4
BRDA:121,4,1,106
BRF:10
BRH:10
end_of_record
TN:
SF:/Users/ariankhosravi/Projects/aofl-os/aofl/aofl-js-packages/web-components/aofl-img/template.js
FN:1,(anonymous_0)
FN:26,(anonymous_1)
FNF:2
FNH:2
FNDA:136,(anonymous_0)
FNDA:110,(anonymous_1)
DA:1,136
DA:26,110
LF:2
LH:2
BRF:0
BRH:0
end_of_record
TN:
SF:/Users/ariankhosravi/Projects/aofl-os/aofl/aofl-js-packages/web-components/aofl-list-option/index.js
FN:23,(anonymous_0)
FN:31,(anonymous_1)
FN:39,(anonymous_2)
FN:50,(anonymous_3)
FN:57,(anonymous_4)
FN:64,(anonymous_5)
FN:78,(anonymous_6)
FN:87,(anonymous_7)
FN:94,(anonymous_8)
FN:101,(anonymous_9)
FNF:10
FNH:10
FNDA:372,(anonymous_0)
FNDA:4,(anonymous_1)
FNDA:4,(anonymous_2)
FNDA:800,(anonymous_3)
FNDA:372,(anonymous_4)
FNDA:372,(anonymous_5)
FNDA:12,(anonymous_6)
FNDA:4,(anonymous_7)
FNDA:116,(anonymous_8)
FNDA:372,(anonymous_9)
DA:24,372
DA:32,4
DA:40,4
DA:51,800
DA:58,372
DA:59,372
DA:60,372
DA:61,372
DA:62,372
DA:64,372
DA:65,372
DA:66,372
DA:67,372
DA:69,372
DA:70,80
DA:79,12
DA:80,8
DA:88,4
DA:95,116
DA:102,372
DA:103,372
DA:104,372
DA:105,372
DA:109,4
LF:24
LH:24
BRDA:65,0,0,372
BRDA:65,0,1,372
BRDA:69,1,0,80
BRDA:69,1,1,292
BRDA:69,2,0,372
BRDA:69,2,1,372
BRDA:79,3,0,8
BRDA:79,3,1,4
BRDA:79,4,0,12
BRDA:79,4,1,8
BRF:10
BRH:10
end_of_record
TN:
SF:/Users/ariankhosravi/Projects/aofl-os/aofl/aofl-js-packages/web-components/aofl-list-option/template.js
FN:1,(anonymous_0)
FNF:1
FNH:1
FNDA:800,(anonymous_0)
DA:1,800
LF:1
LH:1
BRF:0
BRH:0
end_of_record
TN:
SF:/Users/ariankhosravi/Projects/aofl-os/aofl/aofl-js-packages/web-components/aofl-multiselect-list/index.js
FN:21,(anonymous_0)
FN:28,(anonymous_1)
FN:38,(anonymous_2)
FN:48,(anonymous_3)
FN:58,(anonymous_4)
FN:67,(anonymous_5)
FN:78,(anonymous_6)
FN:96,(anonymous_7)
FN:108,(anonymous_8)
FN:114,(anonymous_9)
FN:131,(anonymous_10)
FN:145,(anonymous_11)
FN:155,(anonymous_12)
FNF:13
FNH:13
FNDA:4,(anonymous_0)
FNDA:4,(anonymous_1)
FNDA:68,(anonymous_2)
FNDA:68,(anonymous_3)
FNDA:140,(anonymous_4)
FNDA:8,(anonymous_5)
FNDA:52,(anonymous_6)
FNDA:4,(anonymous_7)
FNDA:92,(anonymous_8)
FNDA:4,(anonymous_9)
FNDA:4,(anonymous_10)
FNDA:208,(anonymous_11)
FNDA:68,(anonymous_12)
DA:22,4
DA:29,4
DA:39,68
DA:40,68
DA:41,68
DA:42,68
DA:49,68
DA:50,68
DA:51,68
DA:52,68
DA:59,140
DA:68,8
DA:70,0
DA:79,52
DA:80,52
DA:81,16
DA:82,12
DA:84,36
DA:85,32
DA:86,28
DA:97,4
DA:98,4
DA:99,4
DA:109,92
DA:110,132
DA:112,100
DA:113,72
DA:114,72
DA:115,72
DA:117,28
DA:118,28
DA:119,16
DA:124,92
DA:132,4
DA:133,4
DA:134,12
DA:137,4
DA:146,208
DA:147,208
DA:148,68
DA:156,68
DA:157,68
DA:158,68
DA:159,68
DA:163,4
LF:45
LH:44
BRDA:68,0,0,8
BRDA:68,0,1,0
BRDA:68,1,0,8
BRDA:68,1,1,8
BRDA:80,2,0,16
BRDA:80,2,1,36
BRDA:80,3,0,52
BRDA:80,3,1,40
BRDA:80,3,2,4
BRDA:81,4,0,12
BRDA:81,4,1,4
BRDA:84,5,0,32
BRDA:84,5,1,4
BRDA:84,6,0,36
BRDA:84,6,1,12
BRDA:85,7,0,28
BRDA:85,7,1,4
BRDA:98,8,0,4
BRDA:98,8,1,0
BRDA:110,9,0,32
BRDA:110,9,1,100
BRDA:112,10,0,72
BRDA:112,10,1,28
BRDA:118,11,0,16
BRDA:118,11,1,12
BRDA:147,12,0,68
BRDA:147,12,1,140
BRF:27
BRH:25
end_of_record
TN:
SF:/Users/ariankhosravi/Projects/aofl-os/aofl/aofl-js-packages/web-components/aofl-multiselect-list/template.js
FN:1,(anonymous_0)
FNF:1
FNH:1
FNDA:140,(anonymous_0)
DA:1,140
LF:1
LH:1
BRF:0
BRH:0
end_of_record
TN:
SF:/Users/ariankhosravi/Projects/aofl-os/aofl/aofl-js-packages/web-components/aofl-picture/index.js
FN:23,(anonymous_0)
FN:28,(anonymous_1)
FN:38,(anonymous_2)
FN:47,(anonymous_3)
FN:56,(anonymous_4)
FN:65,(anonymous_5)
FN:83,(anonymous_6)
FN:103,(anonymous_7)
FN:128,(anonymous_8)
FN:139,(anonymous_9)
FNF:10
FNH:10
FNDA:72,(anonymous_0)
FNDA:216,(anonymous_1)
FNDA:4,(anonymous_2)
FNDA:4,(anonymous_3)
FNDA:88,(anonymous_4)
FNDA:96,(anonymous_5)
FNDA:216,(anonymous_6)
FNDA:216,(anonymous_7)
FNDA:216,(anonymous_8)
FNDA:72,(anonymous_9)
DA:24,72
DA:25,72
DA:26,72
DA:27,72
DA:28,72
DA:29,216
DA:30,216
DA:39,4
DA:48,4
DA:57,88
DA:66,96
DA:67,72
DA:68,72
DA:74,72
DA:84,216
DA:85,144
DA:86,144
DA:93,144
DA:94,144
DA:96,144
DA:104,216
DA:105,72
DA:107,72
DA:108,48
DA:111,48
DA:112,48
DA:116,48
DA:117,48
DA:129,216
DA:130,336
DA:131,144
DA:140,72
DA:141,144
DA:143,72
DA:147,4
LF:35
LH:35
BRDA:66,0,0,24
BRDA:66,0,1,72
BRDA:84,1,0,72
BRDA:84,1,1,144
BRDA:84,2,0,216
BRDA:84,2,1,72
BRDA:103,3,0,72
BRDA:104,4,0,144
BRDA:104,4,1,72
BRDA:107,5,0,48
BRDA:107,5,1,24
BRDA:111,6,0,48
BRDA:116,7,0,48
BRDA:130,8,0,144
BRDA:130,8,1,192
BRF:15
BRH:15
end_of_record
TN:
SF:/Users/ariankhosravi/Projects/aofl-os/aofl/aofl-js-packages/web-components/aofl-picture/template.js
FN:1,(anonymous_0)
FNF:1
FNH:1
FNDA:88,(anonymous_0)
DA:1,88
LF:1
LH:1
BRF:0
BRH:0
end_of_record
TN:
SF:/Users/ariankhosravi/Projects/aofl-os/aofl/aofl-js-packages/web-components/aofl-select-list/index.js
FN:21,(anonymous_0)
FN:28,(anonymous_1)
FN:35,(anonymous_2)
FN:46,(anonymous_3)
FN:56,(anonymous_4)
FN:65,(anonymous_5)
FN:74,(anonymous_6)
FN:90,(anonymous_7)
FN:102,(anonymous_8)
FN:119,(anonymous_9)
FN:129,(anonymous_10)
FNF:11
FNH:11
FNDA:4,(anonymous_0)
FNDA:4,(anonymous_1)
FNDA:112,(anonymous_2)
FNDA:112,(anonymous_3)
FNDA:112,(anonymous_4)
FNDA:6,(anonymous_5)
FNDA:52,(anonymous_6)
FNDA:8,(anonymous_7)
FNDA:180,(anonymous_8)
FNDA:164,(anonymous_9)
FNDA:112,(anonymous_10)
DA:22,4
DA:29,4
DA:36,112
DA:37,112
DA:38,112
DA:39,112
DA:47,112
DA:48,112
DA:49,112
DA:50,112
DA:57,112
DA:66,6
DA:68,0
DA:75,52
DA:76,52
DA:77,16
DA:78,12
DA:80,36
DA:81,32
DA:82,24
DA:91,8
DA:92,8
DA:93,4
DA:103,180
DA:104,188
DA:105,188
DA:106,180
DA:107,180
DA:108,180
DA:111,180
DA:120,164
DA:121,164
DA:122,80
DA:130,112
DA:131,112
DA:132,112
DA:133,112
DA:137,4
LF:38
LH:37
BRDA:66,0,0,6
BRDA:66,0,1,0
BRDA:66,1,0,6
BRDA:66,1,1,6
BRDA:76,2,0,16
BRDA:76,2,1,36
BRDA:76,3,0,52
BRDA:76,3,1,40
BRDA:76,3,2,4
BRDA:77,4,0,12
BRDA:77,4,1,4
BRDA:80,5,0,32
BRDA:80,5,1,4
BRDA:80,6,0,36
BRDA:80,6,1,12
BRDA:81,7,0,24
BRDA:81,7,1,8
BRDA:92,8,0,4
BRDA:92,8,1,4
BRDA:105,9,0,180
BRDA:105,9,1,8
BRDA:121,10,0,80
BRDA:121,10,1,84
BRF:23
BRH:22
end_of_record
TN:
SF:/Users/ariankhosravi/Projects/aofl-os/aofl/aofl-js-packages/web-components/aofl-select-list/template.js
FN:1,(anonymous_0)
FNF:1
FNH:1
FNDA:112,(anonymous_0)
DA:1,112
LF:1
LH:1
BRF:0
BRH:0
end_of_record
TN:
SF:/Users/ariankhosravi/Projects/aofl-os/aofl/aofl-js-packages/web-components/aofl-source/index.js
FN:24,(anonymous_0)
FN:38,(anonymous_1)
FN:45,(anonymous_2)
FN:55,(anonymous_3)
FN:56,(anonymous_4)
FNF:5
FNH:5
FNDA:216,(anonymous_0)
FNDA:4,(anonymous_1)
FNDA:4,(anonymous_2)
FNDA:216,(anonymous_3)
FNDA:216,(anonymous_4)
DA:25,216
DA:26,216
DA:32,216
DA:39,4
DA:46,4
DA:56,216
DA:60,4
LF:7
LH:7
BRF:0
BRH:0
end_of_record
TN:
SF:/Users/ariankhosravi/Projects/aofl-os/aofl/webpack-packages/unit-testing-plugin/get-test-container/index.js
FN:1,(anonymous_0)
FN:9,(anonymous_1)
FNF:2
FNH:2
FNDA:364,(anonymous_0)
FNDA:364,(anonymous_1)
DA:1,4
DA:2,364
DA:3,364
DA:4,364
DA:6,364
DA:9,4
DA:10,364
DA:11,2172
DA:15,4
DA:16,4
LF:10
LH:10
BRF:0
BRH:0
end_of_record
